# JRE version: OpenJDK Runtime Environment (11.0.11+9) (build 11.0.11+9-b60-7590822)
# Java VM: OpenJDK 64-Bit Server VM (11.0.11+9-b60-7590822, mixed mode, tiered, compressed oops, g1 gc, windows-amd64)
Heap:
 garbage-first heap   total 181248K, used 129611K [0x0000000080000000, 0x0000000100000000)
  region size 1024K, 46 young (47104K), 1 survivors (1024K)
 Metaspace       used 94375K, capacity 96779K, committed 96896K, reserved 1132544K
  class space    used 11966K, capacity 12908K, committed 12928K, reserved 1048576K
GC Heap History (20 events):
Event: 21.432 GC heap before
{Heap before GC invocations=17 (full 0):
 garbage-first heap   total 181248K, used 133395K [0x0000000080000000, 0x0000000100000000)
  region size 1024K, 81 young (82944K), 10 survivors (10240K)
 Metaspace       used 80575K, capacity 82658K, committed 82816K, reserved 1120256K
  class space    used 10557K, capacity 11350K, committed 11392K, reserved 1048576K
}
Event: 21.453 GC heap after
{Heap after GC invocations=18 (full 0):
 garbage-first heap   total 181248K, used 66729K [0x0000000080000000, 0x0000000100000000)
  region size 1024K, 10 young (10240K), 10 survivors (10240K)
 Metaspace       used 80575K, capacity 82658K, committed 82816K, reserved 1120256K
  class space    used 10557K, capacity 11350K, committed 11392K, reserved 1048576K
}
Event: 23.159 GC heap before
{Heap before GC invocations=18 (full 0):
 garbage-first heap   total 181248K, used 137385K [0x0000000080000000, 0x0000000100000000)
  region size 1024K, 80 young (81920K), 10 survivors (10240K)
 Metaspace       used 83706K, capacity 85765K, committed 85888K, reserved 1124352K
  class space    used 10852K, capacity 11618K, committed 11648K, reserved 1048576K
}
Event: 23.183 GC heap after
{Heap after GC invocations=19 (full 0):
 garbage-first heap   total 181248K, used 70656K [0x0000000080000000, 0x0000000100000000)
  region size 1024K, 9 young (9216K), 9 survivors (9216K)
 Metaspace       used 83706K, capacity 85765K, committed 85888K, reserved 1124352K
  class space    used 10852K, capacity 11618K, committed 11648K, reserved 1048576K
}
Event: 366.556 GC heap before
{Heap before GC invocations=19 (full 0):
 garbage-first heap   total 181248K, used 140288K [0x0000000080000000, 0x0000000100000000)
  region size 1024K, 78 young (79872K), 9 survivors (9216K)
 Metaspace       used 85105K, capacity 87280K, committed 87424K, reserved 1124352K
  class space    used 10985K, capacity 11805K, committed 11904K, reserved 1048576K
}
Event: 366.587 GC heap after
{Heap after GC invocations=20 (full 0):
 garbage-first heap   total 181248K, used 75025K [0x0000000080000000, 0x0000000100000000)
  region size 1024K, 9 young (9216K), 9 survivors (9216K)
 Metaspace       used 85105K, capacity 87280K, committed 87424K, reserved 1124352K
  class space    used 10985K, capacity 11805K, committed 11904K, reserved 1048576K
}
Event: 367.561 GC heap before
{Heap before GC invocations=20 (full 0):
 garbage-first heap   total 181248K, used 142609K [0x0000000080000000, 0x0000000100000000)
  region size 1024K, 76 young (77824K), 9 survivors (9216K)
 Metaspace       used 87647K, capacity 89818K, committed 89984K, reserved 1126400K
  class space    used 11273K, capacity 12074K, committed 12160K, reserved 1048576K
}
Event: 367.585 GC heap after
{Heap after GC invocations=21 (full 0):
 garbage-first heap   total 181248K, used 79319K [0x0000000080000000, 0x0000000100000000)
  region size 1024K, 9 young (9216K), 9 survivors (9216K)
 Metaspace       used 87647K, capacity 89818K, committed 89984K, reserved 1126400K
  class space    used 11273K, capacity 12074K, committed 12160K, reserved 1048576K
}
Event: 371.298 GC heap before
{Heap before GC invocations=21 (full 0):
 garbage-first heap   total 181248K, used 144855K [0x0000000080000000, 0x0000000100000000)
  region size 1024K, 74 young (75776K), 9 survivors (9216K)
 Metaspace       used 90573K, capacity 92833K, committed 92928K, reserved 1130496K
  class space    used 11609K, capacity 12475K, committed 12544K, reserved 1048576K
}
Event: 371.327 GC heap after
{Heap after GC invocations=22 (full 0):
 garbage-first heap   total 181248K, used 86619K [0x0000000080000000, 0x0000000100000000)
  region size 1024K, 10 young (10240K), 10 survivors (10240K)
 Metaspace       used 90573K, capacity 92833K, committed 92928K, reserved 1130496K
  class space    used 11609K, capacity 12475K, committed 12544K, reserved 1048576K
}
Event: 371.899 GC heap before
{Heap before GC invocations=22 (full 0):
 garbage-first heap   total 181248K, used 135771K [0x0000000080000000, 0x0000000100000000)
  region size 1024K, 54 young (55296K), 10 survivors (10240K)
 Metaspace       used 92540K, capacity 94831K, committed 94976K, reserved 1132544K
  class space    used 11845K, capacity 12730K, committed 12800K, reserved 1048576K
}
Event: 371.944 GC heap after
{Heap after GC invocations=23 (full 0):
 garbage-first heap   total 181248K, used 95228K [0x0000000080000000, 0x0000000100000000)
  region size 1024K, 2 young (2048K), 2 survivors (2048K)
 Metaspace       used 92540K, capacity 94831K, committed 94976K, reserved 1132544K
  class space    used 11845K, capacity 12730K, committed 12800K, reserved 1048576K
}
Event: 617.934 GC heap before
{Heap before GC invocations=24 (full 0):
 garbage-first heap   total 181248K, used 148476K [0x0000000080000000, 0x0000000100000000)
  region size 1024K, 51 young (52224K), 2 survivors (2048K)
 Metaspace       used 93122K, capacity 95515K, committed 95744K, reserved 1132544K
  class space    used 11878K, capacity 12765K, committed 12800K, reserved 1048576K
}
Event: 617.950 GC heap after
{Heap after GC invocations=25 (full 0):
 garbage-first heap   total 181248K, used 93063K [0x0000000080000000, 0x0000000100000000)
  region size 1024K, 6 young (6144K), 6 survivors (6144K)
 Metaspace       used 93122K, capacity 95515K, committed 95744K, reserved 1132544K
  class space    used 11878K, capacity 12765K, committed 12800K, reserved 1048576K
}
Event: 619.908 GC heap before
{Heap before GC invocations=25 (full 0):
 garbage-first heap   total 181248K, used 143239K [0x0000000080000000, 0x0000000100000000)
  region size 1024K, 56 young (57344K), 6 survivors (6144K)
 Metaspace       used 93348K, capacity 95676K, committed 95744K, reserved 1132544K
  class space    used 11893K, capacity 12794K, committed 12800K, reserved 1048576K
}
Event: 619.938 GC heap after
{Heap after GC invocations=26 (full 0):
 garbage-first heap   total 181248K, used 99086K [0x0000000080000000, 0x0000000100000000)
  region size 1024K, 7 young (7168K), 7 survivors (7168K)
 Metaspace       used 93348K, capacity 95676K, committed 95744K, reserved 1132544K
  class space    used 11893K, capacity 12794K, committed 12800K, reserved 1048576K
}
Event: 1614.071 GC heap before
{Heap before GC invocations=27 (full 0):
 garbage-first heap   total 181248K, used 154382K [0x0000000080000000, 0x0000000100000000)
  region size 1024K, 53 young (54272K), 7 survivors (7168K)
 Metaspace       used 93548K, capacity 95887K, committed 96000K, reserved 1132544K
  class space    used 11895K, capacity 12796K, committed 12800K, reserved 1048576K
}
Event: 1614.155 GC heap after
{Heap after GC invocations=28 (full 0):
 garbage-first heap   total 181248K, used 94208K [0x0000000080000000, 0x0000000100000000)
  region size 1024K, 1 young (1024K), 1 survivors (1024K)
 Metaspace       used 93548K, capacity 95887K, committed 96000K, reserved 1132544K
  class space    used 11895K, capacity 12796K, committed 12800K, reserved 1048576K
}
Event: 1778.308 GC heap before
{Heap before GC invocations=28 (full 0):
 garbage-first heap   total 181248K, used 101376K [0x0000000080000000, 0x0000000100000000)
  region size 1024K, 8 young (8192K), 1 survivors (1024K)
 Metaspace       used 93598K, capacity 95914K, committed 96128K, reserved 1132544K
  class space    used 11898K, capacity 12802K, committed 12928K, reserved 1048576K
}
Event: 1778.380 GC heap after
{Heap after GC invocations=29 (full 0):
 garbage-first heap   total 181248K, used 85579K [0x0000000080000000, 0x0000000100000000)
  region size 1024K, 1 young (1024K), 1 survivors (1024K)
 Metaspace       used 93598K, capacity 95914K, committed 96128K, reserved 1132544K
  class space    used 11898K, capacity 12802K, committed 12928K, reserved 1048576K
}

